TN:
SF:lib/enums/enums.dart
FNF:0
FNH:0
DA:26,1
DA:28,1
DA:30,1
DA:32,1
DA:34,1
LF:5
LH:5
end_of_record
TN:
SF:lib/models/parcour/location_data_model.dart
FNF:0
FNH:0
DA:27,1
DA:28,1
DA:31,1
DA:32,5
LF:4
LH:4
end_of_record
TN:
SF:lib/models/parcour/parcours_model.dart
FNF:0
FNH:0
DA:11,1
DA:13,1
DA:15,1
DA:16,1
DA:17,1
DA:18,1
DA:20,0
DA:23,1
DA:28,1
DA:30,1
DA:32,6
DA:33,0
DA:35,1
DA:36,3
DA:40,1
DA:42,1
DA:44,6
DA:46,1
DA:47,3
DA:67,2
LF:20
LH:18
end_of_record
TN:
SF:lib/models/timer/custom_timer.dart
FNF:0
FNH:0
DA:14,0
DA:18,19
DA:20,2
DA:22,2
DA:23,2
DA:24,2
DA:25,2
DA:29,2
DA:31,2
DA:32,2
DA:33,2
DA:34,2
LF:12
LH:11
end_of_record
TN:
SF:lib/utils/internal_notification/flushbar.dart
FNF:0
FNH:0
DA:7,0
DA:8,0
DA:9,0
DA:12,0
DA:13,0
DA:22,0
DA:23,0
DA:32,0
DA:33,0
DA:35,0
DA:44,0
DA:47,0
DA:50,0
DA:52,0
DA:54,0
LF:15
LH:0
end_of_record
TN:
SF:lib/utils/internal_notification/internal_notification_service.dart
FNF:0
FNH:0
DA:6,0
DA:7,0
DA:10,0
DA:11,0
DA:15,0
DA:16,0
DA:19,1
DA:20,1
DA:22,1
DA:24,1
LF:10
LH:4
end_of_record
TN:
SF:lib/utils/map_utils.dart
FNF:0
FNH:0
DA:5,1
DA:7,2
DA:9,1
DA:10,1
DA:12,3
DA:13,3
DA:14,3
DA:15,2
DA:19,3
DA:23,2
DA:24,2
DA:25,2
DA:26,2
DA:27,2
DA:28,2
DA:29,2
DA:30,2
DA:31,2
DA:32,2
DA:33,2
DA:34,2
DA:35,2
DA:36,2
DA:37,2
DA:38,2
LF:25
LH:25
end_of_record
TN:
SF:lib/utils/parcour_utils.dart
FNF:0
FNH:0
DA:12,0
DA:13,0
DA:14,0
DA:15,0
DA:18,1
DA:20,6
DA:21,1
DA:24,1
DA:26,3
DA:27,3
DA:28,1
DA:31,1
DA:33,6
DA:37,1
DA:39,6
DA:43,1
DA:45,10
DA:46,1
DA:47,2
DA:49,3
DA:52,1
DA:53,7
DA:54,1
DA:57,1
DA:59,4
DA:60,6
DA:61,1
DA:62,1
DA:68,1
DA:70,4
DA:71,6
DA:72,1
DA:73,1
DA:79,1
DA:81,1
DA:82,5
DA:83,11
DA:84,3
DA:87,1
DA:89,4
DA:90,2
DA:91,2
DA:92,2
DA:93,3
DA:94,3
DA:100,1
DA:101,2
DA:102,7
LF:48
LH:44
end_of_record
TN:
SF:lib/utils/speed_converter.dart
FNF:0
FNH:0
DA:1,2
DA:2,2
LF:2
LH:2
end_of_record
TN:
SF:lib/utils/string_capitalize.dart
FNF:0
FNH:0
DA:2,1
DA:3,1
DA:6,4
DA:9,1
DA:10,5
DA:11,2
DA:12,1
DA:14,5
LF:8
LH:8
end_of_record
TN:
SF:lib/view/parcour-detail/provider/user_weight_provider.dart
FNF:0
FNH:0
DA:3,4
DA:4,1
DA:8,2
DA:10,2
LF:4
LH:4
end_of_record
